Using pre-set license
Built from '2021.3/staging' branch; Version is '2021.3.16f1 (4016570cf34f) revision 4200023'; Using compiler version '192829333'; Build Type 'Release'
OS: 'Windows 11  (10.0.22000) 64bit CoreSingleLanguage' Language: 'en' Physical Memory: 8033 MB
BatchMode: 1, IsHumanControllingUs: 0, StartBugReporterOnCrash: 0, Is64bit: 1, IsPro: 1

COMMAND LINE ARGUMENTS:
D:\Unity\Hub\Editor\2021.3.16f1\Editor\Unity.exe
-adb2
-batchMode
-noUpm
-name
AssetImportWorker2
-projectPath
D:/UnityProjects/Asm4/runningcat/runningcat
-logFile
Logs/AssetImportWorker2.log
-srvPort
50869
Successfully changed project path to: D:/UnityProjects/Asm4/runningcat/runningcat
D:/UnityProjects/Asm4/runningcat/runningcat
[UnityMemory] Configuration Parameters - Can be set up in boot.config
    "memorysetup-bucket-allocator-granularity=16"
    "memorysetup-bucket-allocator-bucket-count=8"
    "memorysetup-bucket-allocator-block-size=33554432"
    "memorysetup-bucket-allocator-block-count=8"
    "memorysetup-main-allocator-block-size=16777216"
    "memorysetup-thread-allocator-block-size=16777216"
    "memorysetup-gfx-main-allocator-block-size=16777216"
    "memorysetup-gfx-thread-allocator-block-size=16777216"
    "memorysetup-cache-allocator-block-size=4194304"
    "memorysetup-typetree-allocator-block-size=2097152"
    "memorysetup-profiler-bucket-allocator-granularity=16"
    "memorysetup-profiler-bucket-allocator-bucket-count=8"
    "memorysetup-profiler-bucket-allocator-block-size=33554432"
    "memorysetup-profiler-bucket-allocator-block-count=8"
    "memorysetup-profiler-allocator-block-size=16777216"
    "memorysetup-profiler-editor-allocator-block-size=1048576"
    "memorysetup-temp-allocator-size-main=16777216"
    "memorysetup-job-temp-allocator-block-size=2097152"
    "memorysetup-job-temp-allocator-block-size-background=1048576"
    "memorysetup-job-temp-allocator-reduction-small-platforms=262144"
    "memorysetup-temp-allocator-size-background-worker=32768"
    "memorysetup-temp-allocator-size-job-worker=262144"
    "memorysetup-temp-allocator-size-preload-manager=33554432"
    "memorysetup-temp-allocator-size-nav-mesh-worker=65536"
    "memorysetup-temp-allocator-size-audio-worker=65536"
    "memorysetup-temp-allocator-size-cloud-worker=32768"
    "memorysetup-temp-allocator-size-gi-baking-worker=262144"
    "memorysetup-temp-allocator-size-gfx=262144"
Player connection [12484] Host "[IP] 192.168.106.1 [Port] 0 [Flags] 2 [Guid] 2333702623 [EditorId] 2333702623 [Version] 1048832 [Id] WindowsEditor(7,SiluaxChuu) [Debug] 1 [PackageName] WindowsEditor [ProjectName] Editor" joined multi-casting on [225.0.0.222:54997]...

Player connection [12484] Host "[IP] 192.168.106.1 [Port] 0 [Flags] 2 [Guid] 2333702623 [EditorId] 2333702623 [Version] 1048832 [Id] WindowsEditor(7,SiluaxChuu) [Debug] 1 [PackageName] WindowsEditor [ProjectName] Editor" joined alternative multi-casting on [225.0.0.222:34997]...

Refreshing native plugins compatible for Editor in 179.06 ms, found 4 plugins.
Preloading 0 native plugins for Editor in 0.00 ms.
Initialize engine version: 2021.3.16f1 (4016570cf34f)
[Subsystems] Discovering subsystems at path D:/Unity/Hub/Editor/2021.3.16f1/Editor/Data/Resources/UnitySubsystems
[Subsystems] Discovering subsystems at path D:/UnityProjects/Asm4/runningcat/runningcat/Assets
GfxDevice: creating device client; threaded=0; jobified=0
Direct3D:
    Version:  Direct3D 11.0 [level 11.1]
    Renderer: NVIDIA GeForce GTX 1650 (ID=0x1f91)
    Vendor:   NVIDIA
    VRAM:     3962 MB
    Driver:   30.0.15.1278
Initialize mono
Mono path[0] = 'D:/Unity/Hub/Editor/2021.3.16f1/Editor/Data/Managed'
Mono path[1] = 'D:/Unity/Hub/Editor/2021.3.16f1/Editor/Data/MonoBleedingEdge/lib/mono/unityjit-win32'
Mono config path = 'D:/Unity/Hub/Editor/2021.3.16f1/Editor/Data/MonoBleedingEdge/etc'
Using monoOptions --debugger-agent=transport=dt_socket,embedding=1,server=y,suspend=n,address=127.0.0.1:56656
Begin MonoManager ReloadAssembly
Registering precompiled unity dll's ...
Register platform support module: D:/Unity/Hub/Editor/2021.3.16f1/Editor/Data/PlaybackEngines/WebGLSupport/UnityEditor.WebGL.Extensions.dll
Register platform support module: D:/Unity/Hub/Editor/2021.3.16f1/Editor/Data/PlaybackEngines/WindowsStandaloneSupport/UnityEditor.WindowsStandalone.Extensions.dll
Registered in 0.012015 seconds.
Native extension for WindowsStandalone target not found
Native extension for WebGL target not found
Refreshing native plugins compatible for Editor in 159.98 ms, found 4 plugins.
Preloading 0 native plugins for Editor in 0.00 ms.
Mono: successfully reloaded assembly
- Completed reload, in  1.433 seconds
Domain Reload Profiling:
	ReloadAssembly (1466ms)
		BeginReloadAssembly (292ms)
			ExecutionOrderSort (0ms)
			DisableScriptedObjects (0ms)
			BackupInstance (0ms)
			ReleaseScriptingObjects (0ms)
			CreateAndSetChildDomain (1ms)
		EndReloadAssembly (966ms)
			LoadAssemblies (291ms)
			RebuildTransferFunctionScriptingTraits (0ms)
			SetupTypeCache (239ms)
			ReleaseScriptCaches (0ms)
			RebuildScriptCaches (57ms)
			SetupLoadedEditorAssemblies (549ms)
				LogAssemblyErrors (0ms)
				InitializePlatformSupportModulesInManaged (13ms)
				SetLoadedEditorAssemblies (0ms)
				RefreshPlugins (160ms)
				BeforeProcessingInitializeOnLoad (2ms)
				ProcessInitializeOnLoadAttributes (269ms)
				ProcessInitializeOnLoadMethodAttributes (103ms)
				AfterProcessingInitializeOnLoad (0ms)
				EditorAssembliesLoaded (1ms)
			ExecutionOrderSort2 (0ms)
			AwakeInstancesAfterBackupRestoration (0ms)
Platform modules already initialized, skipping
Registering precompiled user dll's ...
Registered in 0.009825 seconds.
Begin MonoManager ReloadAssembly
Symbol file LoadedFromMemory doesn't match image D:\UnityProjects\Asm4\runningcat\runningcat\Library\PackageCache\com.unity.visualscripting@1.7.8\Editor\VisualScripting.Core\Dependencies\YamlDotNet\Unity.VisualScripting.YamlDotNet.dll
Symbol file LoadedFromMemory doesn't match image D:\UnityProjects\Asm4\runningcat\runningcat\Library\PackageCache\com.unity.visualscripting@1.7.8\Editor\VisualScripting.Core\Dependencies\DotNetZip\Unity.VisualScripting.IonicZip.dll
Native extension for WindowsStandalone target not found
Native extension for WebGL target not found
Refreshing native plugins compatible for Editor in 208.59 ms, found 4 plugins.
Preloading 0 native plugins for Editor in 0.00 ms.
Mono: successfully reloaded assembly
- Completed reload, in  3.135 seconds
Domain Reload Profiling:
	ReloadAssembly (3136ms)
		BeginReloadAssembly (235ms)
			ExecutionOrderSort (0ms)
			DisableScriptedObjects (10ms)
			BackupInstance (0ms)
			ReleaseScriptingObjects (0ms)
			CreateAndSetChildDomain (43ms)
		EndReloadAssembly (2687ms)
			LoadAssemblies (545ms)
			RebuildTransferFunctionScriptingTraits (0ms)
			SetupTypeCache (559ms)
			ReleaseScriptCaches (1ms)
			RebuildScriptCaches (211ms)
			SetupLoadedEditorAssemblies (1227ms)
				LogAssemblyErrors (0ms)
				InitializePlatformSupportModulesInManaged (9ms)
				SetLoadedEditorAssemblies (0ms)
				RefreshPlugins (209ms)
				BeforeProcessingInitializeOnLoad (224ms)
				ProcessInitializeOnLoadAttributes (668ms)
				ProcessInitializeOnLoadMethodAttributes (114ms)
				AfterProcessingInitializeOnLoad (3ms)
				EditorAssembliesLoaded (0ms)
			ExecutionOrderSort2 (0ms)
			AwakeInstancesAfterBackupRestoration (12ms)
Platform modules already initialized, skipping
========================================================================
Worker process is ready to serve import requests
Launched and connected shader compiler UnityShaderCompiler.exe after 0.25 seconds
Refreshing native plugins compatible for Editor in 0.90 ms, found 4 plugins.
Preloading 0 native plugins for Editor in 0.00 ms.
Unloading 4063 Unused Serialized files (Serialized files now loaded: 0)
Unloading 38 unused Assets / (56.5 KB). Loaded Objects now: 4520.
Memory consumption went from 153.1 MB to 153.1 MB.
Total: 5.691900 ms (FindLiveObjects: 0.542500 ms CreateObjectMapping: 0.701900 ms MarkObjects: 4.261300 ms  DeleteObjects: 0.185000 ms)

AssetImportParameters requested are different than current active one (requested -> active):
  custom:video-decoder-ogg-theora: a1e56fd34408186e4bbccfd4996cb3dc -> 
  custom:container-muxer-webm: aa71ff27fc2769a1b78a27578f13a17b -> 
  custom:container-demuxer-webm: 4f35f7cbe854078d1ac9338744f61a02 -> 
  custom:video-encoder-webm-vp8: eb34c28f22e8b96e1ab97ce403110664 -> 
  custom:video-codec-MediaFoundation-h265: 746d11721c4dcdbdad8f713fa42b33f4 -> 
  custom:audio-encoder-webm-vorbis: bf7c407c2cedff20999df2af8eb42d56 -> 
  custom:framework-win-MediaFoundation: 216162199b28c13a410421893ffa2e32 -> 
  custom:container-demuxer-ogg: 62fdf1f143b41e24485cea50d1cbac27 -> 
  custom:video-decoder-webm-vp8: 9c59270c3fd7afecdb556c50c9e8de78 -> 
  custom:audio-decoder-ogg-vorbis: bf7c407c2cedff20999df2af8eb42d56 -> 
========================================================================
Received Import Request.
  Time since last request: 5279.814911 seconds.
  path: Assets/Fonts/CompassPro SDF.asset
  artifactKey: Guid(256705bd79120bc4e950c588baff1159) Importer(815301076,1909f56bfc062723c751e8b465ee728b)
Start importing Assets/Fonts/CompassPro SDF.asset using Guid(256705bd79120bc4e950c588baff1159) Importer(815301076,1909f56bfc062723c751e8b465ee728b)  -> (artifact id: 'f32aefddb9faa7b4af4d9906d74c1ffc') in 0.658019 seconds 
========================================================================
Received Import Request.
  Time since last request: 0.007510 seconds.
  path: Assets/Fonts/fibberish SDF.asset
  artifactKey: Guid(8c8d24bc7afde6b488cba26d61ef3829) Importer(815301076,1909f56bfc062723c751e8b465ee728b)
Start importing Assets/Fonts/fibberish SDF.asset using Guid(8c8d24bc7afde6b488cba26d61ef3829) Importer(815301076,1909f56bfc062723c751e8b465ee728b)  -> (artifact id: '36ed2c1f18a1b26090ece1d9885fa959') in 0.103817 seconds 
========================================================================
Received Import Request.
  Time since last request: 0.794495 seconds.
  path: Assets/Environments/BG1.png
  artifactKey: Guid(86bb5952703ae4d46beacba799c260cf) Importer(815301076,1909f56bfc062723c751e8b465ee728b)
Start importing Assets/Environments/BG1.png using Guid(86bb5952703ae4d46beacba799c260cf) Importer(815301076,1909f56bfc062723c751e8b465ee728b)  -> (artifact id: 'ca766873f56975d09ae7ff1d1205e1b5') in 0.963101 seconds 
========================================================================
Received Import Request.
  Time since last request: 0.000034 seconds.
  path: Assets/Environments/Tileset.png
  artifactKey: Guid(9b04aa0c1a06a1644b6e3ccb00c404a9) Importer(815301076,1909f56bfc062723c751e8b465ee728b)
Start importing Assets/Environments/Tileset.png using Guid(9b04aa0c1a06a1644b6e3ccb00c404a9) Importer(815301076,1909f56bfc062723c751e8b465ee728b)  -> (artifact id: '4058d8a2a4dfb7eb25cbf30742a7155e') in 0.263091 seconds 
========================================================================
Received Import Request.
  Time since last request: 0.000036 seconds.
  path: Assets/Environments/BG3.png
  artifactKey: Guid(267b39a9437801d4daf3440a4bae9ee5) Importer(815301076,1909f56bfc062723c751e8b465ee728b)
Start importing Assets/Environments/BG3.png using Guid(267b39a9437801d4daf3440a4bae9ee5) Importer(815301076,1909f56bfc062723c751e8b465ee728b)  -> (artifact id: 'b6d1021d131ea3e56471bd6c8d01462a') in 0.054802 seconds 
========================================================================
Received Import Request.
  Time since last request: 12.361628 seconds.
  path: Assets/Palettes/MyPalette.prefab
  artifactKey: Guid(18429479004ed7b458daeb451a755f6f) Importer(815301076,1909f56bfc062723c751e8b465ee728b)
Start importing Assets/Palettes/MyPalette.prefab using Guid(18429479004ed7b458daeb451a755f6f) Importer(815301076,1909f56bfc062723c751e8b465ee728b)  -> (artifact id: '3d62596e5a45267fc09df53f427a02bb') in 1.980736 seconds 
========================================================================
Received Import Request.
  Time since last request: 0.000027 seconds.
  path: Assets/Sprites/Meow-Knight_Death.png
  artifactKey: Guid(099117b4db7ec33428567b7aab164561) Importer(815301076,1909f56bfc062723c751e8b465ee728b)
Start importing Assets/Sprites/Meow-Knight_Death.png using Guid(099117b4db7ec33428567b7aab164561) Importer(815301076,1909f56bfc062723c751e8b465ee728b)  -> (artifact id: '09a87eae8b0784169bff9d7c254e099b') in 0.089688 seconds 
========================================================================
Received Import Request.
  Time since last request: 0.000029 seconds.
  path: Assets/Sprites/Meow-Knight_Dodge.png
  artifactKey: Guid(ec9ab3b55769f9d488e50eaf88a53d2d) Importer(815301076,1909f56bfc062723c751e8b465ee728b)
Start importing Assets/Sprites/Meow-Knight_Dodge.png using Guid(ec9ab3b55769f9d488e50eaf88a53d2d) Importer(815301076,1909f56bfc062723c751e8b465ee728b)  -> (artifact id: 'a71d2e2162c99711a2f3364ed66c59bb') in 0.052990 seconds 
========================================================================
Received Import Request.
  Time since last request: 0.000024 seconds.
  path: Assets/Palettes/Tileset_7.asset
  artifactKey: Guid(a8fdeb6c3e38f624b8398d171de8245e) Importer(815301076,1909f56bfc062723c751e8b465ee728b)
Start importing Assets/Palettes/Tileset_7.asset using Guid(a8fdeb6c3e38f624b8398d171de8245e) Importer(815301076,1909f56bfc062723c751e8b465ee728b)  -> (artifact id: '16940df714819b1f6b2e8c1a744a0bee') in 0.019072 seconds 
========================================================================
Received Import Request.
  Time since last request: 0.000030 seconds.
  path: Assets/Palettes/Tileset_39.asset
  artifactKey: Guid(cf6b40a3870de984a873ec90e7dc5ae5) Importer(815301076,1909f56bfc062723c751e8b465ee728b)
Start importing Assets/Palettes/Tileset_39.asset using Guid(cf6b40a3870de984a873ec90e7dc5ae5) Importer(815301076,1909f56bfc062723c751e8b465ee728b)  -> (artifact id: '5c98b5b0eb806c65eaf8e0da6778c29e') in 0.016206 seconds 
========================================================================
Received Import Request.
  Time since last request: 0.000043 seconds.
  path: Assets/Palettes/Tileset_12.asset
  artifactKey: Guid(6b7d8d93c0fe5454ca82201563ab1d39) Importer(815301076,1909f56bfc062723c751e8b465ee728b)
Start importing Assets/Palettes/Tileset_12.asset using Guid(6b7d8d93c0fe5454ca82201563ab1d39) Importer(815301076,1909f56bfc062723c751e8b465ee728b)  -> (artifact id: '07f9e5de2a82dd62d239ff6df4bd8b5f') in 0.018469 seconds 
========================================================================
Received Import Request.
  Time since last request: 0.000024 seconds.
  path: Assets/Palettes/Tileset_5.asset
  artifactKey: Guid(a662b4d7a882fdb4b99014d9e728416f) Importer(815301076,1909f56bfc062723c751e8b465ee728b)
Start importing Assets/Palettes/Tileset_5.asset using Guid(a662b4d7a882fdb4b99014d9e728416f) Importer(815301076,1909f56bfc062723c751e8b465ee728b)  -> (artifact id: '46d940cad97ead04bcd7ba208232843f') in 0.028320 seconds 
========================================================================
Received Import Request.
  Time since last request: 0.000035 seconds.
  path: Assets/Palettes/Tileset_13.asset
  artifactKey: Guid(ac79ee7284865014f80e53a0e6e56e99) Importer(815301076,1909f56bfc062723c751e8b465ee728b)
Start importing Assets/Palettes/Tileset_13.asset using Guid(ac79ee7284865014f80e53a0e6e56e99) Importer(815301076,1909f56bfc062723c751e8b465ee728b)  -> (artifact id: 'e8059878e8cd8500d22c6f77ac158a32') in 0.018039 seconds 
========================================================================
Received Import Request.
  Time since last request: 0.000048 seconds.
  path: Assets/Palettes/Tileset_40.asset
  artifactKey: Guid(872812e72f4234c448b2eab6a83f2601) Importer(815301076,1909f56bfc062723c751e8b465ee728b)
Start importing Assets/Palettes/Tileset_40.asset using Guid(872812e72f4234c448b2eab6a83f2601) Importer(815301076,1909f56bfc062723c751e8b465ee728b)  -> (artifact id: '041923bd8dbb185230e3b0e2b7a3d193') in 0.014251 seconds 
========================================================================
Received Import Request.
  Time since last request: 0.000063 seconds.
  path: Assets/Palettes/Tileset_31.asset
  artifactKey: Guid(6699f7ffe07c4a7409cb5a44118fb5b7) Importer(815301076,1909f56bfc062723c751e8b465ee728b)
Start importing Assets/Palettes/Tileset_31.asset using Guid(6699f7ffe07c4a7409cb5a44118fb5b7) Importer(815301076,1909f56bfc062723c751e8b465ee728b)  -> (artifact id: '2b91d5cec5fe415ab9cb7d7e2e5005e1') in 0.020417 seconds 
========================================================================
Received Import Request.
  Time since last request: 0.000031 seconds.
  path: Assets/Palettes/Tileset_9.asset
  artifactKey: Guid(b815d4babab976d40949992303cc1a3c) Importer(815301076,1909f56bfc062723c751e8b465ee728b)
Start importing Assets/Palettes/Tileset_9.asset using Guid(b815d4babab976d40949992303cc1a3c) Importer(815301076,1909f56bfc062723c751e8b465ee728b)  -> (artifact id: '28e9365072c198637628b93fbef698e2') in 0.016970 seconds 
========================================================================
Received Import Request.
  Time since last request: 0.000062 seconds.
  path: Assets/Sprites/Meow-Knight_Take_Damage.png
  artifactKey: Guid(f755da422684eb24d9acb8bbaf85ea8e) Importer(815301076,1909f56bfc062723c751e8b465ee728b)
Start importing Assets/Sprites/Meow-Knight_Take_Damage.png using Guid(f755da422684eb24d9acb8bbaf85ea8e) Importer(815301076,1909f56bfc062723c751e8b465ee728b)  -> (artifact id: '7a262afb907770361682d7f17268cb61') in 0.042218 seconds 
========================================================================
Received Import Request.
  Time since last request: 0.000044 seconds.
  path: Assets/Palettes/Tileset_33.asset
  artifactKey: Guid(f3fa057b1afffb045bb409726d33617e) Importer(815301076,1909f56bfc062723c751e8b465ee728b)
Start importing Assets/Palettes/Tileset_33.asset using Guid(f3fa057b1afffb045bb409726d33617e) Importer(815301076,1909f56bfc062723c751e8b465ee728b)  -> (artifact id: '540904a08d4855f3cd1e8b839b5bc1e1') in 0.020476 seconds 
========================================================================
Received Import Request.
  Time since last request: 0.000027 seconds.
  path: Assets/Palettes/Tileset_24.asset
  artifactKey: Guid(bc7be54e29d3e884f8ab935053aaac34) Importer(815301076,1909f56bfc062723c751e8b465ee728b)
Start importing Assets/Palettes/Tileset_24.asset using Guid(bc7be54e29d3e884f8ab935053aaac34) Importer(815301076,1909f56bfc062723c751e8b465ee728b)  -> (artifact id: 'c367cae7a25d2f7f3630c889f70468dd') in 0.016534 seconds 
========================================================================
Received Import Request.
  Time since last request: 0.000056 seconds.
  path: Assets/Palettes/Tileset_6.asset
  artifactKey: Guid(5d083bfecdcdfe748af8074672df21aa) Importer(815301076,1909f56bfc062723c751e8b465ee728b)
Start importing Assets/Palettes/Tileset_6.asset using Guid(5d083bfecdcdfe748af8074672df21aa) Importer(815301076,1909f56bfc062723c751e8b465ee728b)  -> (artifact id: '47a21c57358517b682562834f5fd121d') in 0.014907 seconds 
========================================================================
Received Import Request.
  Time since last request: 0.000036 seconds.
  path: Assets/Palettes/Tileset_3.asset
  artifactKey: Guid(e8a9892e030d1994680f6c89c1d72734) Importer(815301076,1909f56bfc062723c751e8b465ee728b)
Start importing Assets/Palettes/Tileset_3.asset using Guid(e8a9892e030d1994680f6c89c1d72734) Importer(815301076,1909f56bfc062723c751e8b465ee728b)  -> (artifact id: 'bbe5380cb793f1c56a0819f83c8f650e') in 0.016712 seconds 
