Using pre-set license
Built from '2021.3/staging' branch; Version is '2021.3.16f1 (4016570cf34f) revision 4200023'; Using compiler version '192829333'; Build Type 'Release'
OS: 'Windows 11  (10.0.22000) 64bit CoreSingleLanguage' Language: 'en' Physical Memory: 8033 MB
BatchMode: 1, IsHumanControllingUs: 0, StartBugReporterOnCrash: 0, Is64bit: 1, IsPro: 1

COMMAND LINE ARGUMENTS:
D:\Unity\Hub\Editor\2021.3.16f1\Editor\Unity.exe
-adb2
-batchMode
-noUpm
-name
AssetImportWorker3
-projectPath
D:/UnityProjects/Asm4/runningcat/runningcat
-logFile
Logs/AssetImportWorker3.log
-srvPort
50869
Successfully changed project path to: D:/UnityProjects/Asm4/runningcat/runningcat
D:/UnityProjects/Asm4/runningcat/runningcat
[UnityMemory] Configuration Parameters - Can be set up in boot.config
    "memorysetup-bucket-allocator-granularity=16"
    "memorysetup-bucket-allocator-bucket-count=8"
    "memorysetup-bucket-allocator-block-size=33554432"
    "memorysetup-bucket-allocator-block-count=8"
    "memorysetup-main-allocator-block-size=16777216"
    "memorysetup-thread-allocator-block-size=16777216"
    "memorysetup-gfx-main-allocator-block-size=16777216"
    "memorysetup-gfx-thread-allocator-block-size=16777216"
    "memorysetup-cache-allocator-block-size=4194304"
    "memorysetup-typetree-allocator-block-size=2097152"
    "memorysetup-profiler-bucket-allocator-granularity=16"
    "memorysetup-profiler-bucket-allocator-bucket-count=8"
    "memorysetup-profiler-bucket-allocator-block-size=33554432"
    "memorysetup-profiler-bucket-allocator-block-count=8"
    "memorysetup-profiler-allocator-block-size=16777216"
    "memorysetup-profiler-editor-allocator-block-size=1048576"
    "memorysetup-temp-allocator-size-main=16777216"
    "memorysetup-job-temp-allocator-block-size=2097152"
    "memorysetup-job-temp-allocator-block-size-background=1048576"
    "memorysetup-job-temp-allocator-reduction-small-platforms=262144"
    "memorysetup-temp-allocator-size-background-worker=32768"
    "memorysetup-temp-allocator-size-job-worker=262144"
    "memorysetup-temp-allocator-size-preload-manager=33554432"
    "memorysetup-temp-allocator-size-nav-mesh-worker=65536"
    "memorysetup-temp-allocator-size-audio-worker=65536"
    "memorysetup-temp-allocator-size-cloud-worker=32768"
    "memorysetup-temp-allocator-size-gi-baking-worker=262144"
    "memorysetup-temp-allocator-size-gfx=262144"
Player connection [2028] Host "[IP] 192.168.106.1 [Port] 0 [Flags] 2 [Guid] 500787374 [EditorId] 500787374 [Version] 1048832 [Id] WindowsEditor(7,SiluaxChuu) [Debug] 1 [PackageName] WindowsEditor [ProjectName] Editor" joined multi-casting on [225.0.0.222:54997]...

Player connection [2028] Host "[IP] 192.168.106.1 [Port] 0 [Flags] 2 [Guid] 500787374 [EditorId] 500787374 [Version] 1048832 [Id] WindowsEditor(7,SiluaxChuu) [Debug] 1 [PackageName] WindowsEditor [ProjectName] Editor" joined alternative multi-casting on [225.0.0.222:34997]...

Refreshing native plugins compatible for Editor in 179.72 ms, found 4 plugins.
Preloading 0 native plugins for Editor in 0.00 ms.
Initialize engine version: 2021.3.16f1 (4016570cf34f)
[Subsystems] Discovering subsystems at path D:/Unity/Hub/Editor/2021.3.16f1/Editor/Data/Resources/UnitySubsystems
[Subsystems] Discovering subsystems at path D:/UnityProjects/Asm4/runningcat/runningcat/Assets
GfxDevice: creating device client; threaded=0; jobified=0
Direct3D:
    Version:  Direct3D 11.0 [level 11.1]
    Renderer: NVIDIA GeForce GTX 1650 (ID=0x1f91)
    Vendor:   NVIDIA
    VRAM:     3962 MB
    Driver:   30.0.15.1278
Initialize mono
Mono path[0] = 'D:/Unity/Hub/Editor/2021.3.16f1/Editor/Data/Managed'
Mono path[1] = 'D:/Unity/Hub/Editor/2021.3.16f1/Editor/Data/MonoBleedingEdge/lib/mono/unityjit-win32'
Mono config path = 'D:/Unity/Hub/Editor/2021.3.16f1/Editor/Data/MonoBleedingEdge/etc'
Using monoOptions --debugger-agent=transport=dt_socket,embedding=1,server=y,suspend=n,address=127.0.0.1:56488
Begin MonoManager ReloadAssembly
Registering precompiled unity dll's ...
Register platform support module: D:/Unity/Hub/Editor/2021.3.16f1/Editor/Data/PlaybackEngines/WebGLSupport/UnityEditor.WebGL.Extensions.dll
Register platform support module: D:/Unity/Hub/Editor/2021.3.16f1/Editor/Data/PlaybackEngines/WindowsStandaloneSupport/UnityEditor.WindowsStandalone.Extensions.dll
Registered in 0.012979 seconds.
Native extension for WindowsStandalone target not found
Native extension for WebGL target not found
Refreshing native plugins compatible for Editor in 158.05 ms, found 4 plugins.
Preloading 0 native plugins for Editor in 0.00 ms.
Mono: successfully reloaded assembly
- Completed reload, in  1.424 seconds
Domain Reload Profiling:
	ReloadAssembly (1425ms)
		BeginReloadAssembly (294ms)
			ExecutionOrderSort (0ms)
			DisableScriptedObjects (0ms)
			BackupInstance (0ms)
			ReleaseScriptingObjects (0ms)
			CreateAndSetChildDomain (1ms)
		EndReloadAssembly (929ms)
			LoadAssemblies (292ms)
			RebuildTransferFunctionScriptingTraits (0ms)
			SetupTypeCache (243ms)
			ReleaseScriptCaches (0ms)
			RebuildScriptCaches (60ms)
			SetupLoadedEditorAssemblies (536ms)
				LogAssemblyErrors (0ms)
				InitializePlatformSupportModulesInManaged (12ms)
				SetLoadedEditorAssemblies (0ms)
				RefreshPlugins (158ms)
				BeforeProcessingInitializeOnLoad (2ms)
				ProcessInitializeOnLoadAttributes (263ms)
				ProcessInitializeOnLoadMethodAttributes (100ms)
				AfterProcessingInitializeOnLoad (0ms)
				EditorAssembliesLoaded (0ms)
			ExecutionOrderSort2 (0ms)
			AwakeInstancesAfterBackupRestoration (0ms)
Platform modules already initialized, skipping
Registering precompiled user dll's ...
Registered in 0.043539 seconds.
Begin MonoManager ReloadAssembly
Symbol file LoadedFromMemory doesn't match image D:\UnityProjects\Asm4\runningcat\runningcat\Library\PackageCache\com.unity.visualscripting@1.7.8\Editor\VisualScripting.Core\Dependencies\YamlDotNet\Unity.VisualScripting.YamlDotNet.dll
Symbol file LoadedFromMemory doesn't match image D:\UnityProjects\Asm4\runningcat\runningcat\Library\PackageCache\com.unity.visualscripting@1.7.8\Editor\VisualScripting.Core\Dependencies\DotNetZip\Unity.VisualScripting.IonicZip.dll
Native extension for WindowsStandalone target not found
Native extension for WebGL target not found
Refreshing native plugins compatible for Editor in 203.58 ms, found 4 plugins.
Preloading 0 native plugins for Editor in 0.00 ms.
Mono: successfully reloaded assembly
- Completed reload, in  3.138 seconds
Domain Reload Profiling:
	ReloadAssembly (3140ms)
		BeginReloadAssembly (229ms)
			ExecutionOrderSort (0ms)
			DisableScriptedObjects (10ms)
			BackupInstance (0ms)
			ReleaseScriptingObjects (1ms)
			CreateAndSetChildDomain (37ms)
		EndReloadAssembly (2697ms)
			LoadAssemblies (566ms)
			RebuildTransferFunctionScriptingTraits (0ms)
			SetupTypeCache (549ms)
			ReleaseScriptCaches (1ms)
			RebuildScriptCaches (219ms)
			SetupLoadedEditorAssemblies (1234ms)
				LogAssemblyErrors (0ms)
				InitializePlatformSupportModulesInManaged (10ms)
				SetLoadedEditorAssemblies (1ms)
				RefreshPlugins (204ms)
				BeforeProcessingInitializeOnLoad (208ms)
				ProcessInitializeOnLoadAttributes (688ms)
				ProcessInitializeOnLoadMethodAttributes (119ms)
				AfterProcessingInitializeOnLoad (4ms)
				EditorAssembliesLoaded (0ms)
			ExecutionOrderSort2 (0ms)
			AwakeInstancesAfterBackupRestoration (11ms)
Platform modules already initialized, skipping
========================================================================
Worker process is ready to serve import requests
Launched and connected shader compiler UnityShaderCompiler.exe after 0.19 seconds
Refreshing native plugins compatible for Editor in 0.84 ms, found 4 plugins.
Preloading 0 native plugins for Editor in 0.00 ms.
Unloading 4063 Unused Serialized files (Serialized files now loaded: 0)
Unloading 38 unused Assets / (56.5 KB). Loaded Objects now: 4520.
Memory consumption went from 153.1 MB to 153.1 MB.
Total: 5.652300 ms (FindLiveObjects: 0.425300 ms CreateObjectMapping: 0.446200 ms MarkObjects: 4.622500 ms  DeleteObjects: 0.157100 ms)

AssetImportParameters requested are different than current active one (requested -> active):
  custom:video-decoder-ogg-theora: a1e56fd34408186e4bbccfd4996cb3dc -> 
  custom:container-muxer-webm: aa71ff27fc2769a1b78a27578f13a17b -> 
  custom:container-demuxer-webm: 4f35f7cbe854078d1ac9338744f61a02 -> 
  custom:video-encoder-webm-vp8: eb34c28f22e8b96e1ab97ce403110664 -> 
  custom:video-codec-MediaFoundation-h265: 746d11721c4dcdbdad8f713fa42b33f4 -> 
  custom:audio-encoder-webm-vorbis: bf7c407c2cedff20999df2af8eb42d56 -> 
  custom:framework-win-MediaFoundation: 216162199b28c13a410421893ffa2e32 -> 
  custom:container-demuxer-ogg: 62fdf1f143b41e24485cea50d1cbac27 -> 
  custom:video-decoder-webm-vp8: 9c59270c3fd7afecdb556c50c9e8de78 -> 
  custom:audio-decoder-ogg-vorbis: bf7c407c2cedff20999df2af8eb42d56 -> 
========================================================================
Received Import Request.
  Time since last request: 5254.515704 seconds.
  path: Assets/Scenes/scene0.unity
  artifactKey: Guid(bef5568aa262f3d458c002c315806002) Importer(815301076,1909f56bfc062723c751e8b465ee728b)
Start importing Assets/Scenes/scene0.unity using Guid(bef5568aa262f3d458c002c315806002) Importer(815301076,1909f56bfc062723c751e8b465ee728b)  -> (artifact id: 'b28ac33857d02c9d241ad4fba529f96c') in 0.022801 seconds 
========================================================================
Received Import Request.
  Time since last request: 25.370989 seconds.
  path: Assets/Fonts/CompassPro.ttf
  artifactKey: Guid(66b09e68ab27026449bcc7324c1e7cf8) Importer(815301076,1909f56bfc062723c751e8b465ee728b)
Start importing Assets/Fonts/CompassPro.ttf using Guid(66b09e68ab27026449bcc7324c1e7cf8) Importer(815301076,1909f56bfc062723c751e8b465ee728b)  -> (artifact id: '00ca17fb55bfe6a3efa56ddb59df4ef3') in 0.593977 seconds 
========================================================================
Received Import Request.
  Time since last request: 0.000033 seconds.
  path: Assets/Fonts/fibberish.ttf
  artifactKey: Guid(b0b10f348b852134ebe574a2a4b49a21) Importer(815301076,1909f56bfc062723c751e8b465ee728b)
Start importing Assets/Fonts/fibberish.ttf using Guid(b0b10f348b852134ebe574a2a4b49a21) Importer(815301076,1909f56bfc062723c751e8b465ee728b)  -> (artifact id: 'a3c934d3bc7891045d80be362ef95832') in 0.051842 seconds 
========================================================================
Received Import Request.
  Time since last request: 0.821071 seconds.
  path: Assets/Environments/BG2.png
  artifactKey: Guid(24a9ae767e8caa34db2253db0918b956) Importer(815301076,1909f56bfc062723c751e8b465ee728b)
Start importing Assets/Environments/BG2.png using Guid(24a9ae767e8caa34db2253db0918b956) Importer(815301076,1909f56bfc062723c751e8b465ee728b)  -> (artifact id: '7714662e3d210b5a791873472f3cbfc3') in 0.963174 seconds 
========================================================================
Received Import Request.
  Time since last request: 0.000024 seconds.
  path: Assets/Environments/global.png
  artifactKey: Guid(3b695642dc30eee44acac10ae82e04f5) Importer(815301076,1909f56bfc062723c751e8b465ee728b)
Start importing Assets/Environments/global.png using Guid(3b695642dc30eee44acac10ae82e04f5) Importer(815301076,1909f56bfc062723c751e8b465ee728b)  -> (artifact id: 'e1ba1a31c932a47feff9c77f99c84c45') in 0.083180 seconds 
========================================================================
Received Import Request.
  Time since last request: 0.000046 seconds.
  path: Assets/Environments/ExampleTiles.png
  artifactKey: Guid(71ca7ff5d36c1374ca5f0770ad8e3d7f) Importer(815301076,1909f56bfc062723c751e8b465ee728b)
Start importing Assets/Environments/ExampleTiles.png using Guid(71ca7ff5d36c1374ca5f0770ad8e3d7f) Importer(815301076,1909f56bfc062723c751e8b465ee728b)  -> (artifact id: 'd56aaca036d49abb57b30d50cbfb66fd') in 0.040334 seconds 
========================================================================
Received Import Request.
  Time since last request: 0.000022 seconds.
  path: Assets/Environments/Decors.png
  artifactKey: Guid(0e29262a7debfe448bdd7640fb35d18e) Importer(815301076,1909f56bfc062723c751e8b465ee728b)
Start importing Assets/Environments/Decors.png using Guid(0e29262a7debfe448bdd7640fb35d18e) Importer(815301076,1909f56bfc062723c751e8b465ee728b)  -> (artifact id: '9af0b9de0e0c75bc8dd7bc588aa7031e') in 0.072212 seconds 
========================================================================
Received Import Request.
  Time since last request: 0.000029 seconds.
  path: Assets/Environments/GUI.png
  artifactKey: Guid(b8493ae923a25da41ac06e151fea8f12) Importer(815301076,1909f56bfc062723c751e8b465ee728b)
Start importing Assets/Environments/GUI.png using Guid(b8493ae923a25da41ac06e151fea8f12) Importer(815301076,1909f56bfc062723c751e8b465ee728b)  -> (artifact id: 'df5a324ffcc89b70bc0de30c80234afb') in 0.142642 seconds 
========================================================================
Received Import Request.
  Time since last request: 12.682447 seconds.
  path: Assets/Palettes/Tileset_0.asset
  artifactKey: Guid(18c1bcd16c1a1924c8b63ff243079899) Importer(815301076,1909f56bfc062723c751e8b465ee728b)
Start importing Assets/Palettes/Tileset_0.asset using Guid(18c1bcd16c1a1924c8b63ff243079899) Importer(815301076,1909f56bfc062723c751e8b465ee728b)  -> (artifact id: 'ca0d1205f361ab52d6af4dc356b2922f') in 0.392837 seconds 
========================================================================
Received Import Request.
  Time since last request: 0.000028 seconds.
  path: Assets/Palettes/Tileset_15.asset
  artifactKey: Guid(1e86f6e646611cd40b15894b48af1af5) Importer(815301076,1909f56bfc062723c751e8b465ee728b)
Start importing Assets/Palettes/Tileset_15.asset using Guid(1e86f6e646611cd40b15894b48af1af5) Importer(815301076,1909f56bfc062723c751e8b465ee728b)  -> (artifact id: '4896c529352f5fb451280961c2910ffa') in 0.052612 seconds 
========================================================================
Received Import Request.
  Time since last request: 0.000028 seconds.
  path: Assets/Palettes/Tileset_19.asset
  artifactKey: Guid(74aa502d8c625c74dafa8c0fa0781783) Importer(815301076,1909f56bfc062723c751e8b465ee728b)
Start importing Assets/Palettes/Tileset_19.asset using Guid(74aa502d8c625c74dafa8c0fa0781783) Importer(815301076,1909f56bfc062723c751e8b465ee728b)  -> (artifact id: '01c8d6687082a6b7caaf53c7bb90eaa6') in 0.071143 seconds 
========================================================================
Received Import Request.
  Time since last request: 0.000016 seconds.
  path: Assets/Palettes/Tileset_41.asset
  artifactKey: Guid(3913c6d7650fc2440947fa8284c7cab1) Importer(815301076,1909f56bfc062723c751e8b465ee728b)
Start importing Assets/Palettes/Tileset_41.asset using Guid(3913c6d7650fc2440947fa8284c7cab1) Importer(815301076,1909f56bfc062723c751e8b465ee728b)  -> (artifact id: 'a4f04500097fdcf2216a022d70087a6f') in 0.010419 seconds 
========================================================================
Received Import Request.
  Time since last request: 0.000018 seconds.
  path: Assets/Palettes/Tileset_11.asset
  artifactKey: Guid(1abb8634c13fb464c9fead5ad1cfbece) Importer(815301076,1909f56bfc062723c751e8b465ee728b)
Start importing Assets/Palettes/Tileset_11.asset using Guid(1abb8634c13fb464c9fead5ad1cfbece) Importer(815301076,1909f56bfc062723c751e8b465ee728b)  -> (artifact id: 'b23dcaac7f97e3893c0f9263cbee9e4c') in 0.062683 seconds 
========================================================================
Received Import Request.
  Time since last request: 0.000026 seconds.
  path: Assets/Palettes/Tileset_17.asset
  artifactKey: Guid(b7d754d4c8901a04389aed41ddd1c800) Importer(815301076,1909f56bfc062723c751e8b465ee728b)
Start importing Assets/Palettes/Tileset_17.asset using Guid(b7d754d4c8901a04389aed41ddd1c800) Importer(815301076,1909f56bfc062723c751e8b465ee728b)  -> (artifact id: 'd7207490e596943f8acd756914540ee6') in 0.093970 seconds 
========================================================================
Received Import Request.
  Time since last request: 0.000024 seconds.
  path: Assets/Palettes/Tileset_30.asset
  artifactKey: Guid(68776bfa9f644a74ba98793ca6fb943e) Importer(815301076,1909f56bfc062723c751e8b465ee728b)
Start importing Assets/Palettes/Tileset_30.asset using Guid(68776bfa9f644a74ba98793ca6fb943e) Importer(815301076,1909f56bfc062723c751e8b465ee728b)  -> (artifact id: 'a098a148fc881b50189a7feaba736487') in 0.010177 seconds 
========================================================================
Received Import Request.
  Time since last request: 0.000055 seconds.
  path: Assets/Palettes/Tileset_37.asset
  artifactKey: Guid(7dc560cdf6037714091f95eeaa251bff) Importer(815301076,1909f56bfc062723c751e8b465ee728b)
Start importing Assets/Palettes/Tileset_37.asset using Guid(7dc560cdf6037714091f95eeaa251bff) Importer(815301076,1909f56bfc062723c751e8b465ee728b)  -> (artifact id: 'f0c3bb12a0f16ca30d6667c0d594bb6d') in 0.056397 seconds 
========================================================================
Received Import Request.
  Time since last request: 0.000020 seconds.
  path: Assets/Palettes/Tileset_4.asset
  artifactKey: Guid(7771d8a8db0826940a4f15cf1caddfe2) Importer(815301076,1909f56bfc062723c751e8b465ee728b)
Start importing Assets/Palettes/Tileset_4.asset using Guid(7771d8a8db0826940a4f15cf1caddfe2) Importer(815301076,1909f56bfc062723c751e8b465ee728b)  -> (artifact id: 'fa3bbaff42d937330cc3786af81ec905') in 0.010330 seconds 
========================================================================
Received Import Request.
  Time since last request: 0.000023 seconds.
  path: Assets/Palettes/Tileset_10.asset
  artifactKey: Guid(67239d196b2e45943b351f7f9f40e0fb) Importer(815301076,1909f56bfc062723c751e8b465ee728b)
Start importing Assets/Palettes/Tileset_10.asset using Guid(67239d196b2e45943b351f7f9f40e0fb) Importer(815301076,1909f56bfc062723c751e8b465ee728b)  -> (artifact id: '76ac259a9367ae3e6c4e93f40fa844e9') in 0.009769 seconds 
========================================================================
Received Import Request.
  Time since last request: 0.000032 seconds.
  path: Assets/Palettes/Tileset_32.asset
  artifactKey: Guid(fbb456cf64ec6934f8c02b6cf50a0cbb) Importer(815301076,1909f56bfc062723c751e8b465ee728b)
Start importing Assets/Palettes/Tileset_32.asset using Guid(fbb456cf64ec6934f8c02b6cf50a0cbb) Importer(815301076,1909f56bfc062723c751e8b465ee728b)  -> (artifact id: '85b3ff6f53f586db0e519425398719d4') in 0.033752 seconds 
========================================================================
Received Import Request.
  Time since last request: 0.000032 seconds.
  path: Assets/Palettes/Tileset_18.asset
  artifactKey: Guid(5d429766acf4a754aa0eb10ce8680193) Importer(815301076,1909f56bfc062723c751e8b465ee728b)
Start importing Assets/Palettes/Tileset_18.asset using Guid(5d429766acf4a754aa0eb10ce8680193) Importer(815301076,1909f56bfc062723c751e8b465ee728b)  -> (artifact id: 'da301d34eb6d1bba7724c1c763ea7b93') in 0.016972 seconds 
========================================================================
Received Import Request.
  Time since last request: 0.000028 seconds.
  path: Assets/Palettes/Tileset_26.asset
  artifactKey: Guid(7c51a8bfe8bc0b24499f42692923db7d) Importer(815301076,1909f56bfc062723c751e8b465ee728b)
Start importing Assets/Palettes/Tileset_26.asset using Guid(7c51a8bfe8bc0b24499f42692923db7d) Importer(815301076,1909f56bfc062723c751e8b465ee728b)  -> (artifact id: '46bc7715c538b8428d04134d583f7fa7') in 0.140631 seconds 
========================================================================
Received Import Request.
  Time since last request: 0.000028 seconds.
  path: Assets/Palettes/Tileset_38.asset
  artifactKey: Guid(f54e62460aecd9342838ad26d3ddb26e) Importer(815301076,1909f56bfc062723c751e8b465ee728b)
Start importing Assets/Palettes/Tileset_38.asset using Guid(f54e62460aecd9342838ad26d3ddb26e) Importer(815301076,1909f56bfc062723c751e8b465ee728b)  -> (artifact id: '0e0956e75558e673397ef03c824a801e') in 0.040094 seconds 
========================================================================
Received Import Request.
  Time since last request: 0.000024 seconds.
  path: Assets/Palettes/Tileset_16.asset
  artifactKey: Guid(e853f52de1eb923489562d1523f696ce) Importer(815301076,1909f56bfc062723c751e8b465ee728b)
Start importing Assets/Palettes/Tileset_16.asset using Guid(e853f52de1eb923489562d1523f696ce) Importer(815301076,1909f56bfc062723c751e8b465ee728b)  -> (artifact id: '20e84fd9783fe0a6b60949b46feab259') in 0.012223 seconds 
========================================================================
Received Import Request.
  Time since last request: 0.000036 seconds.
  path: Assets/Palettes/Tileset_25.asset
  artifactKey: Guid(2bbf4fb315df09048ba371db80832cd4) Importer(815301076,1909f56bfc062723c751e8b465ee728b)
Start importing Assets/Palettes/Tileset_25.asset using Guid(2bbf4fb315df09048ba371db80832cd4) Importer(815301076,1909f56bfc062723c751e8b465ee728b)  -> (artifact id: 'ffbdb37fe5cc33c54d762d41e777a06b') in 0.014094 seconds 
========================================================================
Received Import Request.
  Time since last request: 0.000023 seconds.
  path: Assets/Palettes/Tileset_27.asset
  artifactKey: Guid(ee76a0e73307d7e4cbfd8c259a0c2ed6) Importer(815301076,1909f56bfc062723c751e8b465ee728b)
Start importing Assets/Palettes/Tileset_27.asset using Guid(ee76a0e73307d7e4cbfd8c259a0c2ed6) Importer(815301076,1909f56bfc062723c751e8b465ee728b)  -> (artifact id: '104051dd1c409feae31427cacd628f42') in 0.031603 seconds 
========================================================================
Received Import Request.
  Time since last request: 0.000018 seconds.
  path: Assets/Palettes/Tileset_8.asset
  artifactKey: Guid(b2e6e17418ee3cc43a29c283ccc49da2) Importer(815301076,1909f56bfc062723c751e8b465ee728b)
Start importing Assets/Palettes/Tileset_8.asset using Guid(b2e6e17418ee3cc43a29c283ccc49da2) Importer(815301076,1909f56bfc062723c751e8b465ee728b)  -> (artifact id: '66dedd2552fc27576f0dce044f9edd5e') in 0.008964 seconds 
========================================================================
Received Import Request.
  Time since last request: 0.000024 seconds.
  path: Assets/Palettes/Tileset_20.asset
  artifactKey: Guid(43f413fc8be64b2479080c5e63418ae4) Importer(815301076,1909f56bfc062723c751e8b465ee728b)
Start importing Assets/Palettes/Tileset_20.asset using Guid(43f413fc8be64b2479080c5e63418ae4) Importer(815301076,1909f56bfc062723c751e8b465ee728b)  -> (artifact id: '066202ed049862ac0bfddcdbcd1adf91') in 0.008550 seconds 
========================================================================
Received Import Request.
  Time since last request: 0.000016 seconds.
  path: Assets/Palettes/Tileset_35.asset
  artifactKey: Guid(beeeb6aad594ea044a8702b10f3e3991) Importer(815301076,1909f56bfc062723c751e8b465ee728b)
Start importing Assets/Palettes/Tileset_35.asset using Guid(beeeb6aad594ea044a8702b10f3e3991) Importer(815301076,1909f56bfc062723c751e8b465ee728b)  -> (artifact id: 'b0ff41e9f649e1103e0a7d2392ac44f8') in 0.010554 seconds 
========================================================================
Received Import Request.
  Time since last request: 0.000019 seconds.
  path: Assets/Sprites/Meow-Knight_Run.png
  artifactKey: Guid(c9fc4d1fe37807a46a5150e25f5cf6c6) Importer(815301076,1909f56bfc062723c751e8b465ee728b)
Start importing Assets/Sprites/Meow-Knight_Run.png using Guid(c9fc4d1fe37807a46a5150e25f5cf6c6) Importer(815301076,1909f56bfc062723c751e8b465ee728b)  -> (artifact id: '5b857cc88c885b924d524051d4012871') in 0.112131 seconds 
========================================================================
Received Import Request.
  Time since last request: 0.000044 seconds.
  path: Assets/Sprites/Meow-Knight_Attack_1.png
  artifactKey: Guid(9bf4fdc6d00106144a2059a8563ba463) Importer(815301076,1909f56bfc062723c751e8b465ee728b)
Start importing Assets/Sprites/Meow-Knight_Attack_1.png using Guid(9bf4fdc6d00106144a2059a8563ba463) Importer(815301076,1909f56bfc062723c751e8b465ee728b)  -> (artifact id: '911c6af8ddc2b67866e9c2115a67983c') in 0.097836 seconds 
========================================================================
Received Import Request.
  Time since last request: 0.000042 seconds.
  path: Assets/Palettes/Tileset_2.asset
  artifactKey: Guid(8d6dffb98ae08aa42822016556f409b5) Importer(815301076,1909f56bfc062723c751e8b465ee728b)
Start importing Assets/Palettes/Tileset_2.asset using Guid(8d6dffb98ae08aa42822016556f409b5) Importer(815301076,1909f56bfc062723c751e8b465ee728b)  -> (artifact id: '8add139c9218f5c256f8368fc449766e') in 0.011235 seconds 
========================================================================
Received Import Request.
  Time since last request: 0.000021 seconds.
  path: Assets/Palettes/Tileset_14.asset
  artifactKey: Guid(fa244beed2d357849b74ca0ccf853423) Importer(815301076,1909f56bfc062723c751e8b465ee728b)
Start importing Assets/Palettes/Tileset_14.asset using Guid(fa244beed2d357849b74ca0ccf853423) Importer(815301076,1909f56bfc062723c751e8b465ee728b)  -> (artifact id: 'fdcf385dd3013005b8ac1b1ef16b10a3') in 0.097828 seconds 
========================================================================
Received Import Request.
  Time since last request: 0.000030 seconds.
  path: Assets/Palettes/Tileset_36.asset
  artifactKey: Guid(7a7c93a117853d341aad4716f0f10999) Importer(815301076,1909f56bfc062723c751e8b465ee728b)
Start importing Assets/Palettes/Tileset_36.asset using Guid(7a7c93a117853d341aad4716f0f10999) Importer(815301076,1909f56bfc062723c751e8b465ee728b)  -> (artifact id: '8cf94c00bc0a3139374748a9ed2bf3f0') in 0.012334 seconds 
========================================================================
Received Import Request.
  Time since last request: 0.000023 seconds.
  path: Assets/Sprites/Meow-Knight_Attack_3.png
  artifactKey: Guid(f18ac5b9cdd1fb140a955bc711302eac) Importer(815301076,1909f56bfc062723c751e8b465ee728b)
Start importing Assets/Sprites/Meow-Knight_Attack_3.png using Guid(f18ac5b9cdd1fb140a955bc711302eac) Importer(815301076,1909f56bfc062723c751e8b465ee728b)  -> (artifact id: '82aa4987215e08e8da3b40dba36bcd0e') in 0.065210 seconds 
========================================================================
Received Import Request.
  Time since last request: 0.000025 seconds.
  path: Assets/Palettes/Tileset_28.asset
  artifactKey: Guid(8d24ad484350c684fb0b730b946a8efe) Importer(815301076,1909f56bfc062723c751e8b465ee728b)
Start importing Assets/Palettes/Tileset_28.asset using Guid(8d24ad484350c684fb0b730b946a8efe) Importer(815301076,1909f56bfc062723c751e8b465ee728b)  -> (artifact id: '27f9633bdbb8a0d6842d1dab12b4edc2') in 0.018392 seconds 
========================================================================
Received Import Request.
  Time since last request: 0.000034 seconds.
  path: Assets/Palettes/Tileset_1.asset
  artifactKey: Guid(265704e0c290f2348886591551fe7b92) Importer(815301076,1909f56bfc062723c751e8b465ee728b)
Start importing Assets/Palettes/Tileset_1.asset using Guid(265704e0c290f2348886591551fe7b92) Importer(815301076,1909f56bfc062723c751e8b465ee728b)  -> (artifact id: 'c32eff58a418534755997864f68ee4da') in 0.015838 seconds 
========================================================================
Received Import Request.
  Time since last request: 0.000026 seconds.
  path: Assets/Palettes/Tileset_21.asset
  artifactKey: Guid(414b56deccd6ebc4191795502dd81f93) Importer(815301076,1909f56bfc062723c751e8b465ee728b)
Start importing Assets/Palettes/Tileset_21.asset using Guid(414b56deccd6ebc4191795502dd81f93) Importer(815301076,1909f56bfc062723c751e8b465ee728b)  -> (artifact id: 'ac9a2baaaacbb0093564c52efe1d7bde') in 0.017823 seconds 
========================================================================
Received Import Request.
  Time since last request: 0.000024 seconds.
  path: Assets/Palettes/Tileset_29.asset
  artifactKey: Guid(501e098a5c139d540b0cbacd151413d2) Importer(815301076,1909f56bfc062723c751e8b465ee728b)
Start importing Assets/Palettes/Tileset_29.asset using Guid(501e098a5c139d540b0cbacd151413d2) Importer(815301076,1909f56bfc062723c751e8b465ee728b)  -> (artifact id: 'd3aee5684f557eaa52c9cb6ba526f2c2') in 0.016793 seconds 
========================================================================
Received Import Request.
  Time since last request: 0.000048 seconds.
  path: Assets/Palettes/Tileset_34.asset
  artifactKey: Guid(96ab4a8afffc4b341929085ce7c04595) Importer(815301076,1909f56bfc062723c751e8b465ee728b)
Start importing Assets/Palettes/Tileset_34.asset using Guid(96ab4a8afffc4b341929085ce7c04595) Importer(815301076,1909f56bfc062723c751e8b465ee728b)  -> (artifact id: 'c328af4eead91408fc253da92cd2201a') in 0.018050 seconds 
========================================================================
Received Import Request.
  Time since last request: 0.000028 seconds.
  path: Assets/Sprites/Meow-Knight_Attack_2.png
  artifactKey: Guid(6f83272c375aded4c89a3efa0f0efb7b) Importer(815301076,1909f56bfc062723c751e8b465ee728b)
Start importing Assets/Sprites/Meow-Knight_Attack_2.png using Guid(6f83272c375aded4c89a3efa0f0efb7b) Importer(815301076,1909f56bfc062723c751e8b465ee728b)  -> (artifact id: 'fa518c4590f649cf780fdeb6bcf0cb1d') in 0.046539 seconds 
========================================================================
Received Import Request.
  Time since last request: 0.000034 seconds.
  path: Assets/Palettes/Tileset_23.asset
  artifactKey: Guid(666542c110f148d48b2f846d66f4f2ea) Importer(815301076,1909f56bfc062723c751e8b465ee728b)
Start importing Assets/Palettes/Tileset_23.asset using Guid(666542c110f148d48b2f846d66f4f2ea) Importer(815301076,1909f56bfc062723c751e8b465ee728b)  -> (artifact id: 'c9b4291e73a56849b56daf06c675b383') in 0.013342 seconds 
========================================================================
Received Import Request.
  Time since last request: 0.000024 seconds.
  path: Assets/Sprites/Meow-Knight_Idle.png
  artifactKey: Guid(c5bf28eeb32bd9440a4be186fc67d5e2) Importer(815301076,1909f56bfc062723c751e8b465ee728b)
Start importing Assets/Sprites/Meow-Knight_Idle.png using Guid(c5bf28eeb32bd9440a4be186fc67d5e2) Importer(815301076,1909f56bfc062723c751e8b465ee728b)  -> (artifact id: 'adfa3d0f248ebc4503b13c08a7c72e97') in 0.096250 seconds 
========================================================================
Received Import Request.
  Time since last request: 0.000036 seconds.
  path: Assets/Palettes/Tileset_22.asset
  artifactKey: Guid(7bd86d7cc98f68143bf38abf944e7a77) Importer(815301076,1909f56bfc062723c751e8b465ee728b)
Start importing Assets/Palettes/Tileset_22.asset using Guid(7bd86d7cc98f68143bf38abf944e7a77) Importer(815301076,1909f56bfc062723c751e8b465ee728b)  -> (artifact id: 'c435a474fad4861fe62dcd99b1cbcf4d') in 0.016157 seconds 
